[2021-08-02T23:03:02.787] [INFO] info - output
[2021-08-07T12:01:41.650] [INFO] info - output
[2021-08-07T12:01:41.901] [INFO] info - output
[2021-08-07T12:02:42.547] [INFO] info - output
[2021-08-07T16:41:31.290] [INFO] info - output
[2021-08-09T21:37:18.307] [INFO] info - output
[2021-08-09T21:52:46.171] [INFO] info - ****数据库连接成功****
[2021-08-09T21:52:47.864] [INFO] info - ****数据库连接成功****
[2021-08-09T22:19:06.722] [INFO] info - ****数据库连接成功****
[2021-08-09T22:19:13.881] [INFO] info - output
[2021-08-09T22:20:47.598] [INFO] info - output
[2021-08-09T22:21:45.286] [INFO] info - output
[2021-08-09T22:25:45.875] [INFO] info - ****数据库连接成功****
[2021-08-09T22:29:42.516] [INFO] info - ****数据库连接成功****
[2021-08-09T22:30:18.187] [INFO] info - ****数据库连接成功****
[2021-08-09T22:30:49.827] [INFO] info - ****数据库连接成功****
[2021-08-09T22:30:50.391] [INFO] info - params:{}
[2021-08-09T22:31:19.792] [INFO] info - ****数据库连接成功****
[2021-08-09T22:31:38.433] [INFO] info - ****数据库连接成功****
[2021-08-09T22:31:45.968] [INFO] info - get params:{}
[2021-08-09T22:31:45.968] [INFO] info - post params:{"userName":"admin","userPwd":"123"}
